ca65 V2.19 - Git 6efe447d1
Main file   : build/apple2/src/dhgr.c.36.0.s
Current file: build/apple2/src/dhgr.c.36.0.s

000000r 1               ;
000000r 1               ; File generated by cc65 v 2.19 - Git 6efe447d1
000000r 1               ;
000000r 1               	.fopt		compiler,"cc65 v 2.19 - Git 6efe447d1"
000000r 1               	.setcpu		"6502"
000000r 1               	.smart		on
000000r 1               	.autoimport	on
000000r 1               	.case		on
000000r 1               	.debuginfo	off
000000r 1               	.importzp	c_sp, sreg, regsave, regbank
000000r 1               	.importzp	tmp1, tmp2, tmp3, tmp4, ptr1, ptr2, ptr3, ptr4
000000r 1               	.macpack	longbranch
000000r 2               .macro  jeq     Target
000000r 2                       .if     .match(Target, 0)
000000r 2                       bne     *+5
000000r 2                       jmp     Target
000000r 2                       .elseif .def(Target) .and .const((*-2)-(Target)) .and ((*+2)-(Target) <= 127)
000000r 2                               beq     Target
000000r 2                       .else
000000r 2                               bne     *+5
000000r 2                               jmp     Target
000000r 2                       .endif
000000r 2               .endmacro
000000r 2               .macro  jne     Target
000000r 2                       .if     .match(Target, 0)
000000r 2                               beq     *+5
000000r 2                               jmp     Target
000000r 2                       .elseif .def(Target) .and .const((*-2)-(Target)) .and ((*+2)-(Target) <= 127)
000000r 2                               bne     Target
000000r 2                       .else
000000r 2                               beq     *+5
000000r 2                               jmp     Target
000000r 2                       .endif
000000r 2               .endmacro
000000r 2               .macro  jmi     Target
000000r 2                       .if     .match(Target, 0)
000000r 2                               bpl     *+5
000000r 2                               jmp     Target
000000r 2                       .elseif .def(Target) .and .const((*-2)-(Target)) .and ((*+2)-(Target) <= 127)
000000r 2                               bmi     Target
000000r 2                       .else
000000r 2                               bpl     *+5
000000r 2                               jmp     Target
000000r 2                       .endif
000000r 2               .endmacro
000000r 2               .macro  jpl     Target
000000r 2                       .if     .match(Target, 0)
000000r 2                               bmi     *+5
000000r 2                               jmp     Target
000000r 2                       .elseif .def(Target) .and .const((*-2)-(Target)) .and ((*+2)-(Target) <= 127)
000000r 2                               bpl     Target
000000r 2                       .else
000000r 2                               bmi     *+5
000000r 2                               jmp     Target
000000r 2                       .endif
000000r 2               .endmacro
000000r 2               .macro  jcs     Target
000000r 2                       .if     .match(Target, 0)
000000r 2                               bcc     *+5
000000r 2                               jmp     Target
000000r 2                       .elseif .def(Target) .and .const((*-2)-(Target)) .and ((*+2)-(Target) <= 127)
000000r 2                               bcs     Target
000000r 2                       .else
000000r 2                               bcc     *+5
000000r 2                               jmp     Target
000000r 2                       .endif
000000r 2               .endmacro
000000r 2               .macro  jcc     Target
000000r 2                       .if     .match(Target, 0)
000000r 2                               bcs     *+5
000000r 2                               jmp     Target
000000r 2                       .elseif .def(Target) .and .const((*-2)-(Target)) .and ((*+2)-(Target) <= 127)
000000r 2                               bcc     Target
000000r 2                       .else
000000r 2                               bcs     *+5
000000r 2                               jmp     Target
000000r 2                       .endif
000000r 2               .endmacro
000000r 2               .macro  jvs     Target
000000r 2                       .if     .match(Target, 0)
000000r 2                               bvc     *+5
000000r 2                               jmp     Target
000000r 2                       .elseif .def(Target) .and .const((*-2)-(Target)) .and ((*+2)-(Target) <= 127)
000000r 2                               bvs     Target
000000r 2                       .else
000000r 2                               bvc     *+5
000000r 2                               jmp     Target
000000r 2                       .endif
000000r 2               .endmacro
000000r 2               .macro  jvc     Target
000000r 2                       .if     .match(Target, 0)
000000r 2                               bvs     *+5
000000r 2                               jmp     Target
000000r 2                       .elseif .def(Target) .and .const((*-2)-(Target)) .and ((*+2)-(Target) <= 127)
000000r 2                               bvc     Target
000000r 2                       .else
000000r 2                               bvs     *+5
000000r 2                               jmp     Target
000000r 2                       .endif
000000r 2               .endmacro
000000r 2               
000000r 1               	.import		_memcpy
000000r 1               	.export		_dhgr_show
000000r 1               	.export		_dhgr_text
000000r 1               
000000r 1               ; ---------------------------------------------------------------
000000r 1               ; void __near__ dhgr_show (const unsigned char *buf)
000000r 1               ; ---------------------------------------------------------------
000000r 1               
000000r 1               .segment	"CODE"
000000r 1               
000000r 1               .proc	_dhgr_show: near
000000r 1               
000000r 1               .segment	"CODE"
000000r 1               
000000r 1  20 rr rr     	jsr     pushax
000003r 1  A9 00        	lda     #$00
000005r 1  8D 07 C0     	sta     $C007
000008r 1  A2 20        	ldx     #$20
00000Ar 1  20 rr rr     	jsr     pushax
00000Dr 1  A0 05        	ldy     #$05
00000Fr 1  20 rr rr     	jsr     pushwysp
000012r 1  A2 20        	ldx     #$20
000014r 1  A9 00        	lda     #$00
000016r 1  20 rr rr     	jsr     _memcpy
000019r 1  A9 00        	lda     #$00
00001Br 1  8D 06 C0     	sta     $C006
00001Er 1  A2 20        	ldx     #$20
000020r 1  20 rr rr     	jsr     pushax
000023r 1  18           	clc
000024r 1  A0 02        	ldy     #$02
000026r 1  B1 rr        	lda     (c_sp),y
000028r 1  48           	pha
000029r 1  8A           	txa
00002Ar 1  C8           	iny
00002Br 1  71 rr        	adc     (c_sp),y
00002Dr 1  AA           	tax
00002Er 1  68           	pla
00002Fr 1  20 rr rr     	jsr     pushax
000032r 1  A2 20        	ldx     #$20
000034r 1  A9 00        	lda     #$00
000036r 1  20 rr rr     	jsr     _memcpy
000039r 1  A9 00        	lda     #$00
00003Br 1  8D 00 C0     	sta     $C000
00003Er 1  8D 0D C0     	sta     $C00D
000041r 1  8D 5E C0     	sta     $C05E
000044r 1  8D 57 C0     	sta     $C057
000047r 1  8D 50 C0     	sta     $C050
00004Ar 1  8D 52 C0     	sta     $C052
00004Dr 1  8D 54 C0     	sta     $C054
000050r 1  4C rr rr     	jmp     incsp2
000053r 1               
000053r 1               .endproc
000053r 1               
000053r 1               ; ---------------------------------------------------------------
000053r 1               ; void __near__ dhgr_text (void)
000053r 1               ; ---------------------------------------------------------------
000053r 1               
000053r 1               .segment	"CODE"
000053r 1               
000053r 1               .proc	_dhgr_text: near
000053r 1               
000053r 1               .segment	"CODE"
000053r 1               
000053r 1  A9 00        	lda     #$00
000055r 1  8D 5F C0     	sta     $C05F
000058r 1  8D 0C C0     	sta     $C00C
00005Br 1  8D 51 C0     	sta     $C051
00005Er 1  60           	rts
00005Fr 1               
00005Fr 1               .endproc
00005Fr 1               
00005Fr 1               
