ca65 V2.19 - Git 6efe447d1
Main file   : build/apple2/src/main.c.36.0.s
Current file: build/apple2/src/main.c.36.0.s

000000r 1               ;
000000r 1               ; File generated by cc65 v 2.19 - Git 6efe447d1
000000r 1               ;
000000r 1               	.fopt		compiler,"cc65 v 2.19 - Git 6efe447d1"
000000r 1               	.setcpu		"6502"
000000r 1               	.smart		on
000000r 1               	.autoimport	on
000000r 1               	.case		on
000000r 1               	.debuginfo	off
000000r 1               	.importzp	c_sp, sreg, regsave, regbank
000000r 1               	.importzp	tmp1, tmp2, tmp3, tmp4, ptr1, ptr2, ptr3, ptr4
000000r 1               	.macpack	longbranch
000000r 2               .macro  jeq     Target
000000r 2                       .if     .match(Target, 0)
000000r 2                       bne     *+5
000000r 2                       jmp     Target
000000r 2                       .elseif .def(Target) .and .const((*-2)-(Target)) .and ((*+2)-(Target) <= 127)
000000r 2                               beq     Target
000000r 2                       .else
000000r 2                               bne     *+5
000000r 2                               jmp     Target
000000r 2                       .endif
000000r 2               .endmacro
000000r 2               .macro  jne     Target
000000r 2                       .if     .match(Target, 0)
000000r 2                               beq     *+5
000000r 2                               jmp     Target
000000r 2                       .elseif .def(Target) .and .const((*-2)-(Target)) .and ((*+2)-(Target) <= 127)
000000r 2                               bne     Target
000000r 2                       .else
000000r 2                               beq     *+5
000000r 2                               jmp     Target
000000r 2                       .endif
000000r 2               .endmacro
000000r 2               .macro  jmi     Target
000000r 2                       .if     .match(Target, 0)
000000r 2                               bpl     *+5
000000r 2                               jmp     Target
000000r 2                       .elseif .def(Target) .and .const((*-2)-(Target)) .and ((*+2)-(Target) <= 127)
000000r 2                               bmi     Target
000000r 2                       .else
000000r 2                               bpl     *+5
000000r 2                               jmp     Target
000000r 2                       .endif
000000r 2               .endmacro
000000r 2               .macro  jpl     Target
000000r 2                       .if     .match(Target, 0)
000000r 2                               bmi     *+5
000000r 2                               jmp     Target
000000r 2                       .elseif .def(Target) .and .const((*-2)-(Target)) .and ((*+2)-(Target) <= 127)
000000r 2                               bpl     Target
000000r 2                       .else
000000r 2                               bmi     *+5
000000r 2                               jmp     Target
000000r 2                       .endif
000000r 2               .endmacro
000000r 2               .macro  jcs     Target
000000r 2                       .if     .match(Target, 0)
000000r 2                               bcc     *+5
000000r 2                               jmp     Target
000000r 2                       .elseif .def(Target) .and .const((*-2)-(Target)) .and ((*+2)-(Target) <= 127)
000000r 2                               bcs     Target
000000r 2                       .else
000000r 2                               bcc     *+5
000000r 2                               jmp     Target
000000r 2                       .endif
000000r 2               .endmacro
000000r 2               .macro  jcc     Target
000000r 2                       .if     .match(Target, 0)
000000r 2                               bcs     *+5
000000r 2                               jmp     Target
000000r 2                       .elseif .def(Target) .and .const((*-2)-(Target)) .and ((*+2)-(Target) <= 127)
000000r 2                               bcc     Target
000000r 2                       .else
000000r 2                               bcs     *+5
000000r 2                               jmp     Target
000000r 2                       .endif
000000r 2               .endmacro
000000r 2               .macro  jvs     Target
000000r 2                       .if     .match(Target, 0)
000000r 2                               bvc     *+5
000000r 2                               jmp     Target
000000r 2                       .elseif .def(Target) .and .const((*-2)-(Target)) .and ((*+2)-(Target) <= 127)
000000r 2                               bvs     Target
000000r 2                       .else
000000r 2                               bvc     *+5
000000r 2                               jmp     Target
000000r 2                       .endif
000000r 2               .endmacro
000000r 2               .macro  jvc     Target
000000r 2                       .if     .match(Target, 0)
000000r 2                               bvs     *+5
000000r 2                               jmp     Target
000000r 2                       .elseif .def(Target) .and .const((*-2)-(Target)) .and ((*+2)-(Target) <= 127)
000000r 2                               bvc     Target
000000r 2                       .else
000000r 2                               bvs     *+5
000000r 2                               jmp     Target
000000r 2                       .endif
000000r 2               .endmacro
000000r 2               
000000r 1               	.forceimport	__STARTUP__
000000r 1               	.import		_strcmp
000000r 1               	.import		_strncpy
000000r 1               	.import		_memcpy
000000r 1               	.import		_memset
000000r 1               	.import		_a2_hi_tgi
000000r 1               	.import		_clrscr
000000r 1               	.import		_kbhit
000000r 1               	.import		_gotoxy
000000r 1               	.import		_cprintf
000000r 1               	.import		_cgetc
000000r 1               	.import		_network_close
000000r 1               	.import		_network_open
000000r 1               	.import		_network_read
000000r 1               	.import		_tgi_install
000000r 1               	.import		_tgi_init
000000r 1               	.import		_tgi_clear
000000r 1               	.export		_main
000000r 1               
000000r 1               .segment	"DATA"
000000r 1               
000000r 1               _last_ts:
000000r 1  00           	.byte	$00
000001r 1  00 00 00 00  	.res	23,$00
000005r 1  00 00 00 00  
000009r 1  00 00 00 00  
000018r 1               _cur_ts:
000018r 1  00           	.byte	$00
000019r 1  00 00 00 00  	.res	23,$00
00001Dr 1  00 00 00 00  
000021r 1  00 00 00 00  
000030r 1               
000030r 1               .segment	"RODATA"
000000r 1               
000000r 1               _qr_bits:
000000r 1  01           	.byte	$01
000001r 1  3D           	.byte	$3D
000002r 1  40           	.byte	$40
000003r 1  3E           	.byte	$3E
000004r 1  FD           	.byte	$FD
000005r 1  6F           	.byte	$6F
000006r 1  91           	.byte	$91
000007r 1  58           	.byte	$58
000008r 1  94           	.byte	$94
000009r 1  48           	.byte	$48
00000Ar 1  A5           	.byte	$A5
00000Br 1  4A           	.byte	$4A
00000Cr 1  24           	.byte	$24
00000Dr 1  50           	.byte	$50
00000Er 1  D5           	.byte	$D5
00000Fr 1  13           	.byte	$13
000010r 1  ED           	.byte	$ED
000011r 1  AA           	.byte	$AA
000012r 1  F8           	.byte	$F8
000013r 1  05           	.byte	$05
000014r 1  55           	.byte	$55
000015r 1  01           	.byte	$01
000016r 1  FF           	.byte	$FF
000017r 1  58           	.byte	$58
000018r 1  FF           	.byte	$FF
000019r 1  0D           	.byte	$0D
00001Ar 1  7D           	.byte	$7D
00001Br 1  31           	.byte	$31
00001Cr 1  6F           	.byte	$6F
00001Dr 1  1E           	.byte	$1E
00001Er 1  13           	.byte	$13
00001Fr 1  95           	.byte	$95
000020r 1  3E           	.byte	$3E
000021r 1  FE           	.byte	$FE
000022r 1  10           	.byte	$10
000023r 1  6C           	.byte	$6C
000024r 1  D1           	.byte	$D1
000025r 1  20           	.byte	$20
000026r 1  CA           	.byte	$CA
000027r 1  8C           	.byte	$8C
000028r 1  27           	.byte	$27
000029r 1  32           	.byte	$32
00002Ar 1  73           	.byte	$73
00002Br 1  52           	.byte	$52
00002Cr 1  06           	.byte	$06
00002Dr 1  C0           	.byte	$C0
00002Er 1  8A           	.byte	$8A
00002Fr 1  F4           	.byte	$F4
000030r 1  67           	.byte	$67
000031r 1  7C           	.byte	$7C
000032r 1  D8           	.byte	$D8
000033r 1  6F           	.byte	$6F
000034r 1  06           	.byte	$06
000035r 1  FF           	.byte	$FF
000036r 1  B8           	.byte	$B8
000037r 1  38           	.byte	$38
000038r 1  C0           	.byte	$C0
000039r 1  70           	.byte	$70
00003Ar 1  55           	.byte	$55
00003Br 1  0F           	.byte	$0F
00003Cr 1  B6           	.byte	$B6
00003Dr 1  8E           	.byte	$8E
00003Er 1  C4           	.byte	$C4
00003Fr 1  58           	.byte	$58
000040r 1  80           	.byte	$80
000041r 1  52           	.byte	$52
000042r 1  28           	.byte	$28
000043r 1  A2           	.byte	$A2
000044r 1  B1           	.byte	$B1
000045r 1  14           	.byte	$14
000046r 1  BA           	.byte	$BA
000047r 1  62           	.byte	$62
000048r 1  FA           	.byte	$FA
000049r 1  FD           	.byte	$FD
00004Ar 1  68           	.byte	$68
00004Br 1  01           	.byte	$01
00004Cr 1  70           	.byte	$70
00004Dr 1  FC           	.byte	$FC
00004Er 1  00           	.byte	$00
00004Fr 1               _img_spec:
00004Fr 1  4E 3A 48 54  	.byte	$4E,$3A,$48,$54,$54,$50,$53,$3A,$2F,$2F,$70,$69,$63,$74,$75,$72
000053r 1  54 50 53 3A  
000057r 1  2F 2F 70 69  
00005Fr 1  65 2E 69 72  	.byte	$65,$2E,$69,$72,$61,$74,$61,$2E,$6F,$6E,$6C,$69,$6E,$65,$2F,$69
000063r 1  61 74 61 2E  
000067r 1  6F 6E 6C 69  
00006Fr 1  6D 61 67 65  	.byte	$6D,$61,$67,$65,$00
000073r 1  00           
000074r 1               _ts_spec:
000074r 1  4E 3A 48 54  	.byte	$4E,$3A,$48,$54,$54,$50,$53,$3A,$2F,$2F,$70,$69,$63,$74,$75,$72
000078r 1  54 50 53 3A  
00007Cr 1  2F 2F 70 69  
000084r 1  65 2E 69 72  	.byte	$65,$2E,$69,$72,$61,$74,$61,$2E,$6F,$6E,$6C,$69,$6E,$65,$2F,$74
000088r 1  61 74 61 2E  
00008Cr 1  6F 6E 6C 69  
000094r 1  69 6D 65 73  	.byte	$69,$6D,$65,$73,$74,$61,$6D,$70,$00
000098r 1  74 61 6D 70  
00009Cr 1  00           
00009Dr 1               S0003:
00009Dr 1  20 20 20 20  	.byte	$20,$20,$20,$20,$20,$20,$20,$20,$20,$20,$20,$20,$20,$20,$20,$20
0000A1r 1  20 20 20 20  
0000A5r 1  20 20 20 20  
0000ADr 1  20 20 20 20  	.byte	$20,$20,$20,$20,$20,$20,$20,$20,$20,$20,$20,$20,$20,$20,$20,$20
0000B1r 1  20 20 20 20  
0000B5r 1  20 20 20 20  
0000BDr 1  20 20 20 20  	.byte	$20,$20,$20,$20,$20,$20,$20,$20,$00
0000C1r 1  20 20 20 20  
0000C5r 1  00           
0000C6r 1               S0004:
0000C6r 1  20 20 20 20  	.byte	$20,$20,$20,$20,$20,$20,$20,$20,$20,$53,$43,$41,$4E,$20,$51,$52
0000CAr 1  20 20 20 20  
0000CEr 1  20 53 43 41  
0000D6r 1  20 43 4F 44  	.byte	$20,$43,$4F,$44,$45,$20,$54,$4F,$20,$54,$41,$4B,$45,$20,$41,$20
0000DAr 1  45 20 54 4F  
0000DEr 1  20 54 41 4B  
0000E6r 1  20 20 20 20  	.byte	$20,$20,$20,$20,$20,$20,$20,$20,$00
0000EAr 1  20 20 20 20  
0000EEr 1  00           
0000EFr 1               S0005:
0000EFr 1  20 20 20 20  	.byte	$20,$20,$20,$20,$20,$20,$20,$20,$50,$49,$43,$54,$55,$52,$45,$20
0000F3r 1  20 20 20 20  
0000F7r 1  50 49 43 54  
0000FFr 1  57 49 54 48  	.byte	$57,$49,$54,$48,$20,$59,$4F,$55,$52,$20,$50,$48,$4F,$4E,$45,$20
000103r 1  20 59 4F 55  
000107r 1  52 20 50 48  
00010Fr 1  20 20 20 20  	.byte	$20,$20,$20,$20,$20,$20,$20,$20,$00
000113r 1  20 20 20 20  
000117r 1  00           
000118r 1               S0006	:=	S0003+0
000118r 1               S0007:
000118r 1  56 43 46 20  	.byte	$56,$43,$46,$20,$46,$75,$6A,$69,$4E,$65,$74,$20,$50,$68,$6F,$74
00011Cr 1  46 75 6A 69  
000120r 1  4E 65 74 20  
000128r 1  6F 20 42 6F  	.byte	$6F,$20,$42,$6F,$6F,$74,$68,$0D,$0A,$00
00012Cr 1  6F 74 68 0D  
000130r 1  0A 00        
000132r 1               S0008:
000132r 1  43 6F 6E 6E  	.byte	$43,$6F,$6E,$6E,$65,$63,$74,$69,$6E,$67,$2E,$2E,$2E,$0D,$0A,$00
000136r 1  65 63 74 69  
00013Ar 1  6E 67 2E 2E  
000142r 1               
000142r 1               .segment	"BSS"
000000r 1               
000000r 1               _img_buf:
000000r 1  00 00 00 00  	.res	8192,$00
000004r 1  00 00 00 00  
000008r 1  00 00 00 00  
002000r 1               
002000r 1               ; ---------------------------------------------------------------
002000r 1               ; unsigned int __near__ hgr_row_offset (unsigned char y)
002000r 1               ; ---------------------------------------------------------------
002000r 1               
002000r 1               .segment	"CODE"
000000r 1               
000000r 1               .proc	_hgr_row_offset: near
000000r 1               
000000r 1               .segment	"CODE"
000000r 1               
000000r 1  20 rr rr     	jsr     pusha
000003r 1  A0 00        	ldy     #$00
000005r 1  B1 rr        	lda     (c_sp),y
000007r 1  29 07        	and     #$07
000009r 1  AA           	tax
00000Ar 1  98           	tya
00000Br 1  20 rr rr     	jsr     shlax2
00000Er 1  85 rr        	sta     ptr1
000010r 1  86 rr        	stx     ptr1+1
000012r 1  B1 rr        	lda     (c_sp),y
000014r 1  4A           	lsr     a
000015r 1  4A           	lsr     a
000016r 1  4A           	lsr     a
000017r 1  A2 00        	ldx     #$00
000019r 1  29 07        	and     #$07
00001Br 1  20 rr rr     	jsr     shlax7
00001Er 1  18           	clc
00001Fr 1  65 rr        	adc     ptr1
000021r 1  48           	pha
000022r 1  8A           	txa
000023r 1  65 rr        	adc     ptr1+1
000025r 1  AA           	tax
000026r 1  68           	pla
000027r 1  20 rr rr     	jsr     pushax
00002Ar 1  A0 02        	ldy     #$02
00002Cr 1  B1 rr        	lda     (c_sp),y
00002Er 1  4A           	lsr     a
00002Fr 1  4A           	lsr     a
000030r 1  4A           	lsr     a
000031r 1  4A           	lsr     a
000032r 1  4A           	lsr     a
000033r 1  4A           	lsr     a
000034r 1  20 rr rr     	jsr     pusha0
000037r 1  A9 28        	lda     #$28
000039r 1  20 rr rr     	jsr     tosumula0
00003Cr 1  20 rr rr     	jsr     tosaddax
00003Fr 1  4C rr rr     	jmp     incsp1
000042r 1               
000042r 1               .endproc
000042r 1               
000042r 1               ; ---------------------------------------------------------------
000042r 1               ; void __near__ hgr_blit (const unsigned char *src)
000042r 1               ; ---------------------------------------------------------------
000042r 1               
000042r 1               .segment	"CODE"
000042r 1               
000042r 1               .proc	_hgr_blit: near
000042r 1               
000042r 1               .segment	"CODE"
000042r 1               
000042r 1  20 rr rr     	jsr     pushax
000045r 1  A2 20        	ldx     #$20
000047r 1  A9 00        	lda     #$00
000049r 1  20 rr rr     	jsr     pushax
00004Cr 1  A0 05        	ldy     #$05
00004Er 1  20 rr rr     	jsr     pushwysp
000051r 1  A2 20        	ldx     #$20
000053r 1  A9 00        	lda     #$00
000055r 1  20 rr rr     	jsr     _memcpy
000058r 1  4C rr rr     	jmp     incsp2
00005Br 1               
00005Br 1               .endproc
00005Br 1               
00005Br 1               ; ---------------------------------------------------------------
00005Br 1               ; void __near__ graphics_init (void)
00005Br 1               ; ---------------------------------------------------------------
00005Br 1               
00005Br 1               .segment	"CODE"
00005Br 1               
00005Br 1               .proc	_graphics_init: near
00005Br 1               
00005Br 1               .segment	"CODE"
00005Br 1               
00005Br 1  A9 rr        	lda     #<(_a2_hi_tgi)
00005Dr 1  A2 rr        	ldx     #>(_a2_hi_tgi)
00005Fr 1  20 rr rr     	jsr     _tgi_install
000062r 1  20 rr rr     	jsr     _tgi_init
000065r 1  20 rr rr     	jsr     _tgi_clear
000068r 1  A9 00        	lda     #$00
00006Ar 1  8D 53 C0     	sta     $C053
00006Dr 1  60           	rts
00006Er 1               
00006Er 1               .endproc
00006Er 1               
00006Er 1               ; ---------------------------------------------------------------
00006Er 1               ; unsigned char __near__ qr_module (unsigned char row, unsigned char col)
00006Er 1               ; ---------------------------------------------------------------
00006Er 1               
00006Er 1               .segment	"CODE"
00006Er 1               
00006Er 1               .proc	_qr_module: near
00006Er 1               
00006Er 1               .segment	"CODE"
00006Er 1               
00006Er 1  20 rr rr     	jsr     pusha
000071r 1  A0 01        	ldy     #$01
000073r 1  B1 rr        	lda     (c_sp),y
000075r 1  20 rr rr     	jsr     pusha0
000078r 1  A9 19        	lda     #$19
00007Ar 1  20 rr rr     	jsr     tosumula0
00007Dr 1  85 rr        	sta     ptr1
00007Fr 1  86 rr        	stx     ptr1+1
000081r 1  A0 00        	ldy     #$00
000083r 1  B1 rr        	lda     (c_sp),y
000085r 1  18           	clc
000086r 1  65 rr        	adc     ptr1
000088r 1  A6 rr        	ldx     ptr1+1
00008Ar 1  90 01        	bcc     L0002
00008Cr 1  E8           	inx
00008Dr 1  20 rr rr     L0002:	jsr     pushax
000090r 1  20 rr rr     	jsr     ldax0sp
000093r 1  20 rr rr     	jsr     shrax3
000096r 1  85 rr        	sta     ptr1
000098r 1  8A           	txa
000099r 1  18           	clc
00009Ar 1  69 rr        	adc     #>(_qr_bits)
00009Cr 1  85 rr        	sta     ptr1+1
00009Er 1  A0 rr        	ldy     #<(_qr_bits)
0000A0r 1  B1 rr        	lda     (ptr1),y
0000A2r 1  20 rr rr     	jsr     pusha0
0000A5r 1  A9 07        	lda     #$07
0000A7r 1  20 rr rr     	jsr     pusha0
0000AAr 1  A0 04        	ldy     #$04
0000ACr 1  B1 rr        	lda     (c_sp),y
0000AEr 1  29 07        	and     #$07
0000B0r 1  20 rr rr     	jsr     tossuba0
0000B3r 1  20 rr rr     	jsr     tosasrax
0000B6r 1  29 01        	and     #$01
0000B8r 1  A2 00        	ldx     #$00
0000BAr 1  4C rr rr     	jmp     incsp4
0000BDr 1               
0000BDr 1               .endproc
0000BDr 1               
0000BDr 1               ; ---------------------------------------------------------------
0000BDr 1               ; void __near__ render_qr (void)
0000BDr 1               ; ---------------------------------------------------------------
0000BDr 1               
0000BDr 1               .segment	"CODE"
0000BDr 1               
0000BDr 1               .proc	_render_qr: near
0000BDr 1               
0000BDr 1               .segment	"CODE"
0000BDr 1               
0000BDr 1  20 rr rr     	jsr     decsp5
0000C0r 1  A2 20        	ldx     #$20
0000C2r 1  A9 00        	lda     #$00
0000C4r 1  20 rr rr     	jsr     pushax
0000C7r 1  A9 7F        	lda     #$7F
0000C9r 1  20 rr rr     	jsr     pusha0
0000CCr 1  A2 20        	ldx     #$20
0000CEr 1  A9 00        	lda     #$00
0000D0r 1  20 rr rr     	jsr     _memset
0000D3r 1  A9 00        	lda     #$00
0000D5r 1  A0 04        	ldy     #$04
0000D7r 1  91 rr        L0015:	sta     (c_sp),y
0000D9r 1  C9 19        	cmp     #$19
0000DBr 1  90 03 4C rr  	jcs     L0003
0000DFr 1  rr           
0000E0r 1  A9 00        	lda     #$00
0000E2r 1  88           	dey
0000E3r 1  91 rr        L0014:	sta     (c_sp),y
0000E5r 1  C9 19        	cmp     #$19
0000E7r 1  B0 78        	bcs     L0004
0000E9r 1  C8           	iny
0000EAr 1  B1 rr        	lda     (c_sp),y
0000ECr 1  20 rr rr     	jsr     pusha
0000EFr 1  A0 04        	ldy     #$04
0000F1r 1  B1 rr        	lda     (c_sp),y
0000F3r 1  20 rr rr     	jsr     _qr_module
0000F6r 1  AA           	tax
0000F7r 1  F0 02        	beq     L0017
0000F9r 1  A9 7F        	lda     #$7F
0000FBr 1  A0 01        L0017:	ldy     #$01
0000FDr 1  91 rr        	sta     (c_sp),y
0000FFr 1  C9 7F        	cmp     #$7F
000101r 1  F0 54        	beq     L0008
000103r 1  A9 00        	lda     #$00
000105r 1  C8           	iny
000106r 1  91 rr        L0013:	sta     (c_sp),y
000108r 1  C9 06        	cmp     #$06
00010Ar 1  B0 4B        	bcs     L0008
00010Cr 1  A0 04        	ldy     #$04
00010Er 1  A2 00        	ldx     #$00
000110r 1  B1 rr        	lda     (c_sp),y
000112r 1  20 rr rr     	jsr     mulax6
000115r 1  18           	clc
000116r 1  69 05        	adc     #$05
000118r 1  85 rr        	sta     ptr1
00011Ar 1  A0 02        	ldy     #$02
00011Cr 1  B1 rr        	lda     (c_sp),y
00011Er 1  18           	clc
00011Fr 1  65 rr        	adc     ptr1
000121r 1  A0 00        	ldy     #$00
000123r 1  91 rr        	sta     (c_sp),y
000125r 1  20 rr rr     	jsr     _hgr_row_offset
000128r 1  20 rr rr     	jsr     incax8
00012Br 1  85 rr        	sta     ptr1
00012Dr 1  86 rr        	stx     ptr1+1
00012Fr 1  A0 03        	ldy     #$03
000131r 1  B1 rr        	lda     (c_sp),y
000133r 1  18           	clc
000134r 1  65 rr        	adc     ptr1
000136r 1  A6 rr        	ldx     ptr1+1
000138r 1  90 01        	bcc     L0012
00013Ar 1  E8           	inx
00013Br 1  85 rr        L0012:	sta     ptr1
00013Dr 1  86 rr        	stx     ptr1+1
00013Fr 1  18           	clc
000140r 1  A9 20        	lda     #$20
000142r 1  65 rr        	adc     ptr1+1
000144r 1  85 rr        	sta     ptr1+1
000146r 1  A0 01        	ldy     #$01
000148r 1  B1 rr        	lda     (c_sp),y
00014Ar 1  88           	dey
00014Br 1  91 rr        	sta     (ptr1),y
00014Dr 1  A0 02        	ldy     #$02
00014Fr 1  18           	clc
000150r 1  A9 01        	lda     #$01
000152r 1  71 rr        	adc     (c_sp),y
000154r 1  4C rr rr     	jmp     L0013
000157r 1  A0 03        L0008:	ldy     #$03
000159r 1  18           	clc
00015Ar 1  A9 01        	lda     #$01
00015Cr 1  71 rr        	adc     (c_sp),y
00015Er 1  4C rr rr     	jmp     L0014
000161r 1  C8           L0004:	iny
000162r 1  18           	clc
000163r 1  A9 01        	lda     #$01
000165r 1  71 rr        	adc     (c_sp),y
000167r 1  4C rr rr     	jmp     L0015
00016Ar 1  4C rr rr     L0003:	jmp     incsp5
00016Dr 1               
00016Dr 1               .endproc
00016Dr 1               
00016Dr 1               ; ---------------------------------------------------------------
00016Dr 1               ; void __near__ show_qr_text (void)
00016Dr 1               ; ---------------------------------------------------------------
00016Dr 1               
00016Dr 1               .segment	"CODE"
00016Dr 1               
00016Dr 1               .proc	_show_qr_text: near
00016Dr 1               
00016Dr 1               .segment	"CODE"
00016Dr 1               
00016Dr 1  A9 00        	lda     #$00
00016Fr 1  20 rr rr     	jsr     pusha
000172r 1  A9 14        	lda     #$14
000174r 1  20 rr rr     	jsr     _gotoxy
000177r 1  A9 rr        	lda     #<(S0003)
000179r 1  A2 rr        	ldx     #>(S0003)
00017Br 1  20 rr rr     	jsr     pushax
00017Er 1  A0 02        	ldy     #$02
000180r 1  20 rr rr     	jsr     _cprintf
000183r 1  A9 00        	lda     #$00
000185r 1  20 rr rr     	jsr     pusha
000188r 1  A9 15        	lda     #$15
00018Ar 1  20 rr rr     	jsr     _gotoxy
00018Dr 1  A9 rr        	lda     #<(S0004)
00018Fr 1  A2 rr        	ldx     #>(S0004)
000191r 1  20 rr rr     	jsr     pushax
000194r 1  A0 02        	ldy     #$02
000196r 1  20 rr rr     	jsr     _cprintf
000199r 1  A9 00        	lda     #$00
00019Br 1  20 rr rr     	jsr     pusha
00019Er 1  A9 16        	lda     #$16
0001A0r 1  20 rr rr     	jsr     _gotoxy
0001A3r 1  A9 rr        	lda     #<(S0005)
0001A5r 1  A2 rr        	ldx     #>(S0005)
0001A7r 1  20 rr rr     	jsr     pushax
0001AAr 1  A0 02        	ldy     #$02
0001ACr 1  20 rr rr     	jsr     _cprintf
0001AFr 1  A9 00        	lda     #$00
0001B1r 1  20 rr rr     	jsr     pusha
0001B4r 1  A9 17        	lda     #$17
0001B6r 1  20 rr rr     	jsr     _gotoxy
0001B9r 1  A9 rr        	lda     #<(S0006)
0001BBr 1  A2 rr        	ldx     #>(S0006)
0001BDr 1  20 rr rr     	jsr     pushax
0001C0r 1  A0 02        	ldy     #$02
0001C2r 1  4C rr rr     	jmp     _cprintf
0001C5r 1               
0001C5r 1               .endproc
0001C5r 1               
0001C5r 1               ; ---------------------------------------------------------------
0001C5r 1               ; unsigned char __near__ fetch_timestamp (void)
0001C5r 1               ; ---------------------------------------------------------------
0001C5r 1               
0001C5r 1               .segment	"CODE"
0001C5r 1               
0001C5r 1               .proc	_fetch_timestamp: near
0001C5r 1               
0001C5r 1               .segment	"CODE"
0001C5r 1               
0001C5r 1  20 rr rr     	jsr     decsp4
0001C8r 1  A9 00        	lda     #$00
0001CAr 1  8D rr rr     	sta     _cur_ts
0001CDr 1  A9 rr        	lda     #<(_ts_spec)
0001CFr 1  A2 rr        	ldx     #>(_ts_spec)
0001D1r 1  20 rr rr     	jsr     pushax
0001D4r 1  A9 04        	lda     #$04
0001D6r 1  20 rr rr     	jsr     pusha
0001D9r 1  A9 00        	lda     #$00
0001DBr 1  20 rr rr     	jsr     _network_open
0001DEr 1  A0 03        	ldy     #$03
0001E0r 1  91 rr        	sta     (c_sp),y
0001E2r 1  B1 rr        	lda     (c_sp),y
0001E4r 1  F0 07        	beq     L0002
0001E6r 1  A2 00        	ldx     #$00
0001E8r 1  B1 rr        	lda     (c_sp),y
0001EAr 1  4C rr rr     	jmp     incsp4
0001EDr 1  A9 rr        L0002:	lda     #<(_ts_spec)
0001EFr 1  A2 rr        	ldx     #>(_ts_spec)
0001F1r 1  20 rr rr     	jsr     pushax
0001F4r 1  A9 rr        	lda     #<(_cur_ts)
0001F6r 1  A2 rr        	ldx     #>(_cur_ts)
0001F8r 1  20 rr rr     	jsr     pushax
0001FBr 1  A2 00        	ldx     #$00
0001FDr 1  A9 17        	lda     #$17
0001FFr 1  20 rr rr     	jsr     _network_read
000202r 1  A0 01        	ldy     #$01
000204r 1  20 rr rr     	jsr     staxysp
000207r 1  A9 rr        	lda     #<(_ts_spec)
000209r 1  A2 rr        	ldx     #>(_ts_spec)
00020Br 1  20 rr rr     	jsr     _network_close
00020Er 1  A0 02        	ldy     #$02
000210r 1  20 rr rr     	jsr     ldaxysp
000213r 1  E0 80        	cpx     #$80
000215r 1  90 0D        	bcc     L0003
000217r 1  A0 02        	ldy     #$02
000219r 1  20 rr rr     	jsr     ldaxysp
00021Cr 1  20 rr rr     	jsr     negax
00021Fr 1  A2 00        	ldx     #$00
000221r 1  4C rr rr     	jmp     incsp4
000224r 1  A0 02        L0003:	ldy     #$02
000226r 1  20 rr rr     	jsr     ldaxysp
000229r 1  18           	clc
00022Ar 1  69 rr        	adc     #<(_cur_ts)
00022Cr 1  85 rr        	sta     ptr1
00022Er 1  8A           	txa
00022Fr 1  69 rr        	adc     #>(_cur_ts)
000231r 1  85 rr        	sta     ptr1+1
000233r 1  A9 00        	lda     #$00
000235r 1  A8           	tay
000236r 1  91 rr        	sta     (ptr1),y
000238r 1  C8           	iny
000239r 1  B1 rr        	lda     (c_sp),y
00023Br 1  88           	dey
00023Cr 1  91 rr        L000C:	sta     (c_sp),y
00023Er 1  A2 00        	ldx     #$00
000240r 1  B1 rr        	lda     (c_sp),y
000242r 1  F0 65        	beq     L0001
000244r 1  20 rr rr     	jsr     decax1
000247r 1  85 rr        	sta     ptr1
000249r 1  8A           	txa
00024Ar 1  18           	clc
00024Br 1  69 rr        	adc     #>(_cur_ts)
00024Dr 1  85 rr        	sta     ptr1+1
00024Fr 1  A0 rr        	ldy     #<(_cur_ts)
000251r 1  B1 rr        	lda     (ptr1),y
000253r 1  C9 0D        	cmp     #$0D
000255r 1  F0 34        	beq     L000D
000257r 1  A2 00        	ldx     #$00
000259r 1  A1 rr        	lda     (c_sp,x)
00025Br 1  20 rr rr     	jsr     decax1
00025Er 1  85 rr        	sta     ptr1
000260r 1  8A           	txa
000261r 1  18           	clc
000262r 1  69 rr        	adc     #>(_cur_ts)
000264r 1  85 rr        	sta     ptr1+1
000266r 1  A0 rr        	ldy     #<(_cur_ts)
000268r 1  B1 rr        	lda     (ptr1),y
00026Ar 1  C9 0A        	cmp     #$0A
00026Cr 1  F0 1D        	beq     L000D
00026Er 1  A2 00        	ldx     #$00
000270r 1  A1 rr        	lda     (c_sp,x)
000272r 1  20 rr rr     	jsr     decax1
000275r 1  85 rr        	sta     ptr1
000277r 1  8A           	txa
000278r 1  18           	clc
000279r 1  69 rr        	adc     #>(_cur_ts)
00027Br 1  85 rr        	sta     ptr1+1
00027Dr 1  A0 rr        	ldy     #<(_cur_ts)
00027Fr 1  B1 rr        	lda     (ptr1),y
000281r 1  C9 20        	cmp     #$20
000283r 1  F0 06        	beq     L000D
000285r 1  A2 00        	ldx     #$00
000287r 1  8A           	txa
000288r 1  4C rr rr     	jmp     incsp4
00028Br 1  A0 00        L000D:	ldy     #$00
00028Dr 1  A2 00        	ldx     #$00
00028Fr 1  B1 rr        	lda     (c_sp),y
000291r 1  20 rr rr     	jsr     decax1
000294r 1  18           	clc
000295r 1  69 rr        	adc     #<(_cur_ts)
000297r 1  85 rr        	sta     ptr1
000299r 1  8A           	txa
00029Ar 1  69 rr        	adc     #>(_cur_ts)
00029Cr 1  85 rr        	sta     ptr1+1
00029Er 1  98           	tya
00029Fr 1  91 rr        	sta     (ptr1),y
0002A1r 1  B1 rr        	lda     (c_sp),y
0002A3r 1  38           	sec
0002A4r 1  E9 01        	sbc     #$01
0002A6r 1  4C rr rr     	jmp     L000C
0002A9r 1  4C rr rr     L0001:	jmp     incsp4
0002ACr 1               
0002ACr 1               .endproc
0002ACr 1               
0002ACr 1               ; ---------------------------------------------------------------
0002ACr 1               ; unsigned char __near__ fetch_image (void)
0002ACr 1               ; ---------------------------------------------------------------
0002ACr 1               
0002ACr 1               .segment	"CODE"
0002ACr 1               
0002ACr 1               .proc	_fetch_image: near
0002ACr 1               
0002ACr 1               .segment	"CODE"
0002ACr 1               
0002ACr 1  20 rr rr     	jsr     decsp1
0002AFr 1  A9 rr        	lda     #<(_img_spec)
0002B1r 1  A2 rr        	ldx     #>(_img_spec)
0002B3r 1  20 rr rr     	jsr     pushax
0002B6r 1  A9 04        	lda     #$04
0002B8r 1  20 rr rr     	jsr     pusha
0002BBr 1  A9 00        	lda     #$00
0002BDr 1  20 rr rr     	jsr     _network_open
0002C0r 1  A0 00        	ldy     #$00
0002C2r 1  91 rr        	sta     (c_sp),y
0002C4r 1  B1 rr        	lda     (c_sp),y
0002C6r 1  F0 07        	beq     L0002
0002C8r 1  A2 00        	ldx     #$00
0002CAr 1  B1 rr        	lda     (c_sp),y
0002CCr 1  4C rr rr     	jmp     incsp1
0002CFr 1  A9 rr        L0002:	lda     #<(_img_spec)
0002D1r 1  A2 rr        	ldx     #>(_img_spec)
0002D3r 1  20 rr rr     	jsr     pushax
0002D6r 1  A9 rr        	lda     #<(_img_buf)
0002D8r 1  A2 rr        	ldx     #>(_img_buf)
0002DAr 1  20 rr rr     	jsr     pushax
0002DDr 1  A2 20        	ldx     #$20
0002DFr 1  A9 00        	lda     #$00
0002E1r 1  20 rr rr     	jsr     _network_read
0002E4r 1  A9 rr        	lda     #<(_img_spec)
0002E6r 1  A2 rr        	ldx     #>(_img_spec)
0002E8r 1  20 rr rr     	jsr     _network_close
0002EBr 1  A2 00        	ldx     #$00
0002EDr 1  8A           	txa
0002EEr 1  4C rr rr     	jmp     incsp1
0002F1r 1               
0002F1r 1               .endproc
0002F1r 1               
0002F1r 1               ; ---------------------------------------------------------------
0002F1r 1               ; void __near__ show_image_timed (void)
0002F1r 1               ; ---------------------------------------------------------------
0002F1r 1               
0002F1r 1               .segment	"CODE"
0002F1r 1               
0002F1r 1               .proc	_show_image_timed: near
0002F1r 1               
0002F1r 1               .segment	"CODE"
0002F1r 1               
0002F1r 1  20 rr rr     	jsr     decsp3
0002F4r 1  A9 rr        	lda     #<(_img_buf)
0002F6r 1  A2 rr        	ldx     #>(_img_buf)
0002F8r 1  20 rr rr     	jsr     _hgr_blit
0002FBr 1  A2 00        	ldx     #$00
0002FDr 1  8A           	txa
0002FEr 1  A0 01        	ldy     #$01
000300r 1  20 rr rr     	jsr     staxysp
000303r 1  A0 02        L0002:	ldy     #$02
000305r 1  B1 rr        	lda     (c_sp),y
000307r 1  C9 08        	cmp     #$08
000309r 1  D0 05        	bne     L0006
00030Br 1  88           	dey
00030Cr 1  B1 rr        	lda     (c_sp),y
00030Er 1  C9 98        	cmp     #$98
000310r 1  B0 26        L0006:	bcs     L0003
000312r 1  20 rr rr     	jsr     _kbhit
000315r 1  AA           	tax
000316r 1  F0 06        	beq     L000E
000318r 1  20 rr rr     	jsr     _cgetc
00031Br 1  4C rr rr     	jmp     incsp3
00031Er 1  A8           L000E:	tay
00031Fr 1  91 rr        L000C:	sta     (c_sp),y
000321r 1  C9 FF        	cmp     #$FF
000323r 1  F0 08        	beq     L0004
000325r 1  18           	clc
000326r 1  A9 01        	lda     #$01
000328r 1  71 rr        	adc     (c_sp),y
00032Ar 1  4C rr rr     	jmp     L000C
00032Dr 1  A0 01        L0004:	ldy     #$01
00032Fr 1  A2 00        	ldx     #$00
000331r 1  98           	tya
000332r 1  20 rr rr     	jsr     addeqysp
000335r 1  4C rr rr     	jmp     L0002
000338r 1  4C rr rr     L0003:	jmp     incsp3
00033Br 1               
00033Br 1               .endproc
00033Br 1               
00033Br 1               ; ---------------------------------------------------------------
00033Br 1               ; void __near__ main (void)
00033Br 1               ; ---------------------------------------------------------------
00033Br 1               
00033Br 1               .segment	"CODE"
00033Br 1               
00033Br 1               .proc	_main: near
00033Br 1               
00033Br 1               .segment	"CODE"
00033Br 1               
00033Br 1  20 rr rr     	jsr     decsp2
00033Er 1  20 rr rr     	jsr     _clrscr
000341r 1  A9 rr        	lda     #<(S0007)
000343r 1  A2 rr        	ldx     #>(S0007)
000345r 1  20 rr rr     	jsr     pushax
000348r 1  A0 02        	ldy     #$02
00034Ar 1  20 rr rr     	jsr     _cprintf
00034Dr 1  A9 rr        	lda     #<(S0008)
00034Fr 1  A2 rr        	ldx     #>(S0008)
000351r 1  20 rr rr     	jsr     pushax
000354r 1  A0 02        	ldy     #$02
000356r 1  20 rr rr     	jsr     _cprintf
000359r 1  20 rr rr     	jsr     _graphics_init
00035Cr 1  20 rr rr     L001C:	jsr     _render_qr
00035Fr 1  20 rr rr     	jsr     _show_qr_text
000362r 1  A2 00        L0005:	ldx     #$00
000364r 1  8A           L0017:	txa
000365r 1  20 rr rr     L001B:	jsr     stax0sp
000368r 1  A0 01        L0006:	ldy     #$01
00036Ar 1  B1 rr        	lda     (c_sp),y
00036Cr 1  C9 07        	cmp     #$07
00036Er 1  D0 05        	bne     L000A
000370r 1  88           	dey
000371r 1  B1 rr        	lda     (c_sp),y
000373r 1  C9 9E        	cmp     #$9E
000375r 1  B0 21        L000A:	bcs     L0007
000377r 1  20 rr rr     	jsr     decsp1
00037Ar 1  A9 00        	lda     #$00
00037Cr 1  A8           	tay
00037Dr 1  91 rr        L0016:	sta     (c_sp),y
00037Fr 1  C9 FF        	cmp     #$FF
000381r 1  F0 08        	beq     L000C
000383r 1  18           	clc
000384r 1  A9 01        	lda     #$01
000386r 1  71 rr        	adc     (c_sp),y
000388r 1  4C rr rr     	jmp     L0016
00038Br 1  20 rr rr     L000C:	jsr     incsp1
00038Er 1  A2 00        	ldx     #$00
000390r 1  A9 01        	lda     #$01
000392r 1  20 rr rr     	jsr     addeqysp
000395r 1  4C rr rr     	jmp     L0006
000398r 1  20 rr rr     L0007:	jsr     _fetch_timestamp
00039Br 1  C9 00        	cmp     #$00
00039Dr 1  D0 C3        	bne     L0005
00039Fr 1  AA           	tax
0003A0r 1  AD rr rr     	lda     _cur_ts
0003A3r 1  F0 C0        	beq     L001B
0003A5r 1  C9 30        	cmp     #$30
0003A7r 1  F0 BB        	beq     L0017
0003A9r 1  A9 rr        	lda     #<(_cur_ts)
0003ABr 1  A2 rr        	ldx     #>(_cur_ts)
0003ADr 1  20 rr rr     	jsr     pushax
0003B0r 1  A9 rr        	lda     #<(_last_ts)
0003B2r 1  A2 rr        	ldx     #>(_last_ts)
0003B4r 1  20 rr rr     	jsr     _strcmp
0003B7r 1  E0 00        	cpx     #$00
0003B9r 1  D0 04        	bne     L0019
0003BBr 1  C9 00        	cmp     #$00
0003BDr 1  F0 A6        	beq     L001B
0003BFr 1  A9 rr        L0019:	lda     #<(_last_ts)
0003C1r 1  A2 rr        	ldx     #>(_last_ts)
0003C3r 1  20 rr rr     	jsr     pushax
0003C6r 1  A9 rr        	lda     #<(_cur_ts)
0003C8r 1  A2 rr        	ldx     #>(_cur_ts)
0003CAr 1  20 rr rr     	jsr     pushax
0003CDr 1  A2 00        	ldx     #$00
0003CFr 1  A9 17        	lda     #$17
0003D1r 1  20 rr rr     	jsr     _strncpy
0003D4r 1  A9 00        	lda     #$00
0003D6r 1  8D rr rr     	sta     _last_ts+23
0003D9r 1  20 rr rr     	jsr     _fetch_image
0003DCr 1  C9 00        	cmp     #$00
0003DEr 1  D0 82        	bne     L0005
0003E0r 1  20 rr rr     	jsr     _show_image_timed
0003E3r 1  4C rr rr     	jmp     L001C
0003E6r 1               
0003E6r 1               .endproc
0003E6r 1               
0003E6r 1               
